<?xml version="1.0" encoding="UTF-8"?>
<!-- Generated by org.testng.reporters.JUnitReportReporter -->
<testsuite skipped="0" hostname="LenovoYoga3-PC" name="test.java.QueueTests.QueueTests" tests="3" failures="0" timestamp="12 Aug 2019 01:00:58 GMT" time="5.733" errors="0">
  <testcase name="CreateQueueTest" time="5.617" classname="test.java.QueueTests.QueueTests"/>
  <testcase name="SendMessageTest" time="0.079" classname="test.java.QueueTests.QueueTests"/>
  <testcase name="ReceiveMessageTest" time="0.037" classname="test.java.QueueTests.QueueTests"/>
</testsuite> <!-- test.java.QueueTests.QueueTests -->
